# JRE version: Java(TM) SE Runtime Environment (8.0_281-b09) (build 1.8.0_281-b09)
# Java VM: Java HotSpot(TM) 64-Bit Server VM (25.281-b09 mixed mode windows-amd64 compressed oops)
Heap:
 PSYoungGen      total 109568K, used 5319K [0x00000000f3400000, 0x00000000fe100000, 0x0000000100000000)
  eden space 100864K, 4% used [0x00000000f3400000,0x00000000f37ff478,0x00000000f9680000)
  from space 8704K, 14% used [0x00000000f9680000,0x00000000f97b2828,0x00000000f9f00000)
  to   space 8704K, 0% used [0x00000000fd880000,0x00000000fd880000,0x00000000fe100000)
 ParOldGen       total 39936K, used 21843K [0x00000000d9c00000, 0x00000000dc300000, 0x00000000f3400000)
  object space 39936K, 54% used [0x00000000d9c00000,0x00000000db154df8,0x00000000dc300000)
 Metaspace       used 39864K, capacity 40750K, committed 41136K, reserved 1085440K
  class space    used 5484K, capacity 5700K, committed 5808K, reserved 1048576K
GC Heap History (10 events):
Event: 44.352 GC heap before
{Heap before GC invocations=16 (full 3):
 PSYoungGen      total 48640K, used 40429K [0x00000000f3400000, 0x00000000f6b80000, 0x0000000100000000)
  eden space 40448K, 99% used [0x00000000f3400000,0x00000000f5b7b4b0,0x00000000f5b80000)
  from space 8192K, 0% used [0x00000000f6380000,0x00000000f6380000,0x00000000f6b80000)
  to   space 8192K, 0% used [0x00000000f5b80000,0x00000000f5b80000,0x00000000f6380000)
 ParOldGen       total 39936K, used 17631K [0x00000000d9c00000, 0x00000000dc300000, 0x00000000f3400000)
  object space 39936K, 44% used [0x00000000d9c00000,0x00000000dad37cd0,0x00000000dc300000)
 Metaspace       used 39334K, capacity 40250K, committed 40496K, reserved 1083392K
  class space    used 5428K, capacity 5664K, committed 5680K, reserved 1048576K
Event: 44.358 GC heap after
Heap after GC invocations=16 (full 3):
 PSYoungGen      total 48640K, used 5550K [0x00000000f3400000, 0x00000000f8280000, 0x0000000100000000)
  eden space 40448K, 0% used [0x00000000f3400000,0x00000000f3400000,0x00000000f5b80000)
  from space 8192K, 67% used [0x00000000f5b80000,0x00000000f60eb860,0x00000000f6380000)
  to   space 8192K, 0% used [0x00000000f7a80000,0x00000000f7a80000,0x00000000f8280000)
 ParOldGen       total 39936K, used 17639K [0x00000000d9c00000, 0x00000000dc300000, 0x00000000f3400000)
  object space 39936K, 44% used [0x00000000d9c00000,0x00000000dad39cd0,0x00000000dc300000)
 Metaspace       used 39334K, capacity 40250K, committed 40496K, reserved 1083392K
  class space    used 5428K, capacity 5664K, committed 5680K, reserved 1048576K
}
Event: 44.378 GC heap before
{Heap before GC invocations=17 (full 3):
 PSYoungGen      total 48640K, used 45959K [0x00000000f3400000, 0x00000000f8280000, 0x0000000100000000)
  eden space 40448K, 99% used [0x00000000f3400000,0x00000000f5b76710,0x00000000f5b80000)
  from space 8192K, 67% used [0x00000000f5b80000,0x00000000f60eb860,0x00000000f6380000)
  to   space 8192K, 0% used [0x00000000f7a80000,0x00000000f7a80000,0x00000000f8280000)
 ParOldGen       total 39936K, used 17639K [0x00000000d9c00000, 0x00000000dc300000, 0x00000000f3400000)
  object space 39936K, 44% used [0x00000000d9c00000,0x00000000dad39cd0,0x00000000dc300000)
 Metaspace       used 39344K, capacity 40250K, committed 40496K, reserved 1083392K
  class space    used 5430K, capacity 5664K, committed 5680K, reserved 1048576K
Event: 44.383 GC heap after
Heap after GC invocations=17 (full 3):
 PSYoungGen      total 71680K, used 237K [0x00000000f3400000, 0x00000000f8400000, 0x0000000100000000)
  eden space 63488K, 0% used [0x00000000f3400000,0x00000000f3400000,0x00000000f7200000)
  from space 8192K, 2% used [0x00000000f7a80000,0x00000000f7abb528,0x00000000f8280000)
  to   space 8704K, 0% used [0x00000000f7200000,0x00000000f7200000,0x00000000f7a80000)
 ParOldGen       total 39936K, used 21803K [0x00000000d9c00000, 0x00000000dc300000, 0x00000000f3400000)
  object space 39936K, 54% used [0x00000000d9c00000,0x00000000db14adf8,0x00000000dc300000)
 Metaspace       used 39344K, capacity 40250K, committed 40496K, reserved 1083392K
  class space    used 5430K, capacity 5664K, committed 5680K, reserved 1048576K
}
Event: 44.400 GC heap before
{Heap before GC invocations=18 (full 3):
 PSYoungGen      total 71680K, used 63670K [0x00000000f3400000, 0x00000000f8400000, 0x0000000100000000)
  eden space 63488K, 99% used [0x00000000f3400000,0x00000000f71f2410,0x00000000f7200000)
  from space 8192K, 2% used [0x00000000f7a80000,0x00000000f7abb528,0x00000000f8280000)
  to   space 8704K, 0% used [0x00000000f7200000,0x00000000f7200000,0x00000000f7a80000)
 ParOldGen       total 39936K, used 21803K [0x00000000d9c00000, 0x00000000dc300000, 0x00000000f3400000)
  object space 39936K, 54% used [0x00000000d9c00000,0x00000000db14adf8,0x00000000dc300000)
 Metaspace       used 39345K, capacity 40250K, committed 40496K, reserved 1083392K
  class space    used 5430K, capacity 5664K, committed 5680K, reserved 1048576K
Event: 44.401 GC heap after
Heap after GC invocations=18 (full 3):
 PSYoungGen      total 72192K, used 122K [0x00000000f3400000, 0x00000000fa780000, 0x0000000100000000)
  eden space 63488K, 0% used [0x00000000f3400000,0x00000000f3400000,0x00000000f7200000)
  from space 8704K, 1% used [0x00000000f7200000,0x00000000f721e808,0x00000000f7a80000)
  to   space 8704K, 0% used [0x00000000f9f00000,0x00000000f9f00000,0x00000000fa780000)
 ParOldGen       total 39936K, used 21827K [0x00000000d9c00000, 0x00000000dc300000, 0x00000000f3400000)
  object space 39936K, 54% used [0x00000000d9c00000,0x00000000db150df8,0x00000000dc300000)
 Metaspace       used 39345K, capacity 40250K, committed 40496K, reserved 1083392K
  class space    used 5430K, capacity 5664K, committed 5680K, reserved 1048576K
}
Event: 44.412 GC heap before
{Heap before GC invocations=19 (full 3):
 PSYoungGen      total 72192K, used 63525K [0x00000000f3400000, 0x00000000fa780000, 0x0000000100000000)
  eden space 63488K, 99% used [0x00000000f3400000,0x00000000f71eada8,0x00000000f7200000)
  from space 8704K, 1% used [0x00000000f7200000,0x00000000f721e808,0x00000000f7a80000)
  to   space 8704K, 0% used [0x00000000f9f00000,0x00000000f9f00000,0x00000000fa780000)
 ParOldGen       total 39936K, used 21827K [0x00000000d9c00000, 0x00000000dc300000, 0x00000000f3400000)
  object space 39936K, 54% used [0x00000000d9c00000,0x00000000db150df8,0x00000000dc300000)
 Metaspace       used 39345K, capacity 40250K, committed 40496K, reserved 1083392K
  class space    used 5430K, capacity 5664K, committed 5680K, reserved 1048576K
Event: 44.414 GC heap after
Heap after GC invocations=19 (full 3):
 PSYoungGen      total 109568K, used 218K [0x00000000f3400000, 0x00000000fa780000, 0x0000000100000000)
  eden space 100864K, 0% used [0x00000000f3400000,0x00000000f3400000,0x00000000f9680000)
  from space 8704K, 2% used [0x00000000f9f00000,0x00000000f9f368d8,0x00000000fa780000)
  to   space 8704K, 0% used [0x00000000f9680000,0x00000000f9680000,0x00000000f9f00000)
 ParOldGen       total 39936K, used 21835K [0x00000000d9c00000, 0x00000000dc300000, 0x00000000f3400000)
  object space 39936K, 54% used [0x00000000d9c00000,0x00000000db152df8,0x00000000dc300000)
 Metaspace       used 39345K, capacity 40250K, committed 40496K, reserved 1083392K
  class space    used 5430K, capacity 5664K, committed 5680K, reserved 1048576K
}
Event: 46.554 GC heap before
{Heap before GC invocations=20 (full 3):
 PSYoungGen      total 109568K, used 101082K [0x00000000f3400000, 0x00000000fa780000, 0x0000000100000000)
  eden space 100864K, 100% used [0x00000000f3400000,0x00000000f9680000,0x00000000f9680000)
  from space 8704K, 2% used [0x00000000f9f00000,0x00000000f9f368d8,0x00000000fa780000)
  to   space 8704K, 0% used [0x00000000f9680000,0x00000000f9680000,0x00000000f9f00000)
 ParOldGen       total 39936K, used 21835K [0x00000000d9c00000, 0x00000000dc300000, 0x00000000f3400000)
  object space 39936K, 54% used [0x00000000d9c00000,0x00000000db152df8,0x00000000dc300000)
 Metaspace       used 39850K, capacity 40744K, committed 41136K, reserved 1085440K
  class space    used 5481K, capacity 5699K, committed 5808K, reserved 1048576K
Event: 46.556 GC heap after
Heap after GC invocations=20 (full 3):
 PSYoungGen      total 109568K, used 1226K [0x00000000f3400000, 0x00000000fe100000, 0x0000000100000000)
  eden space 100864K, 0% used [0x00000000f3400000,0x00000000f3400000,0x00000000f9680000)
  from space 8704K, 14% used [0x00000000f9680000,0x00000000f97b2828,0x00000000f9f00000)
  to   space 8704K, 0% used [0x00000000fd880000,0x00000000fd880000,0x00000000fe100000)
 ParOldGen       total 39936K, used 21843K [0x00000000d9c00000, 0x00000000dc300000, 0x00000000f3400000)
  object space 39936K, 54% used [0x00000000d9c00000,0x00000000db154df8,0x00000000dc300000)
 Metaspace       used 39850K, capacity 40744K, committed 41136K, reserved 1085440K
  class space    used 5481K, capacity 5699K, committed 5808K, reserved 1048576K
}

